2024/03/26 16:19:25 ___New Log_____
2024/03/26 16:19:30 ___New Log_____
2024/03/26 16:19:35 ___New Log_____
2024/03/26 16:19:37 ___New Log_____
2024/03/26 16:19:37 [Method : POST] /login
2024/03/26 16:19:37 Duration : 0s
2024/03/26 16:19:40 ___New Log_____
2024/03/26 16:19:45 ___New Log_____
2024/03/26 16:19:50 ___New Log_____
2024/03/26 16:19:55 ___New Log_____
2024/03/26 16:20:00 ___New Log_____
2024/03/26 16:20:05 ___New Log_____
2024/03/26 16:20:08 ___New Log_____
2024/03/26 16:20:08 [Method : GET] /admin/getAll
2024/03/26 16:20:08 Duration : 0s
2024/03/26 16:20:10 ___New Log_____
2024/03/26 16:20:15 ___New Log_____
2024/03/26 16:20:20 ___New Log_____
2024/03/26 16:20:25 ___New Log_____
2024/03/26 16:20:30 ___New Log_____
2024/03/26 16:20:30 [Method : GET] /admin/getAllUsingRedis
2024/03/26 16:20:30 Duration : 1.6916ms
2024/03/26 16:20:30 ___New Log_____
2024/03/26 16:20:35 ___New Log_____
2024/03/26 16:20:40 ___New Log_____
2024/03/26 16:20:45 ___New Log_____
2024/03/26 16:20:50 ___New Log_____
2024/03/26 16:20:53 ___New Log_____
2024/03/26 16:20:53 [Method : POST] /admin/add
2024/03/26 16:20:53 Duration : 69.5495ms
2024/03/26 16:20:55 ___New Log_____
2024/03/26 16:20:58 ___New Log_____
2024/03/26 16:20:58 [Method : GET] /admin/getAllUsingRedis
2024/03/26 16:20:58 Duration : 1.5244ms
2024/03/26 16:21:00 ___New Log_____
2024/03/26 16:21:05 ___New Log_____
2024/03/26 16:21:10 ___New Log_____
2024/03/26 16:21:15 ___New Log_____
2024/03/26 16:21:16 ___New Log_____
2024/03/26 16:21:16 [Method : POST] /admin/add
2024/03/26 16:21:16 Duration : 83.1893ms
2024/03/26 16:21:20 ___New Log_____
2024/03/26 16:21:21 ___New Log_____
2024/03/26 16:21:21 [Method : GET] /admin/getAllUsingRedis
2024/03/26 16:21:21 Duration : 507.8µs
2024/03/26 16:21:25 ___New Log_____
2024/03/26 16:21:30 ___New Log_____
2024/03/26 16:21:35 ___New Log_____
2024/03/26 16:21:40 ___New Log_____
2024/03/26 16:21:45 ___New Log_____
2024/03/26 16:21:50 ___New Log_____
2024/03/26 16:21:55 ___New Log_____
2024/03/26 16:22:00 ___New Log_____
2024/03/26 16:22:05 ___New Log_____
2024/03/26 16:22:10 ___New Log_____
2024/03/26 16:22:15 ___New Log_____
2024/03/26 16:22:20 ___New Log_____
2024/03/26 16:22:25 ___New Log_____
2024/03/26 16:22:30 ___New Log_____
2024/03/26 16:22:35 ___New Log_____
2024/03/26 16:24:02 ___New Log_____
2024/03/26 16:24:02 [Method : POST] /login
2024/03/26 16:24:02 Duration : 0s
2024/03/26 16:24:21 ___New Log_____
2024/03/26 16:24:21 [Method : GET] /admin/getAll
2024/03/26 16:24:21 Duration : 527.3µs
2024/03/26 16:24:31 ___New Log_____
2024/03/26 16:24:31 [Method : GET] /admin/getAllUsingRedis
2024/03/26 16:24:31 Duration : 507.1µs
2024/03/26 16:28:26 error opening log file: <nil>
2024/03/26 16:28:31 error opening log file: <nil>
